* 0-30 * * * *  在每小时0至30分内，每秒  =>  每小时0至30分，每秒
* 0-30 */2 * * *  每2小时，在每小时0至30分内，每秒  =>  每2小时，每小时0至30分，每秒
* 0-30 9,17 * * *  在9点和17点，每小时0至30分内，每秒  =>  在9点和17点，每小时0至30分，每秒
* 5,30 */2 * * *  在凌晨0点、2点、4点、6点、8点、10点、12点、14点、16点、18点、20点和22点，5分和30分，每秒  =>  每2小时，每小时5分和30分，每秒
0 */2 */2 * * *  每2分钟，每2小时  =>  每2小时每2分钟
0 */2 9-17/2 * * *  在9点、11点、13点、15点和17点时段内，每2分钟  =>  在9点、11点、13点、15点和17点，每2分钟
0 */5 * * * 1-5  每5分钟，周一至周五  =>  每5分钟，每周一至周五
0 */5 * 1 6 5  每5分钟，6月1日或6月每周五  =>  每5分钟，6月1日或每周五
0 */5 * L * *  本月最后一天，每5分钟  =>  每5分钟，本月最后一天
0 */5 */2 * * 1-5  周一至周五，每2小时每5分钟  =>  每周一至周五，每2小时每5分钟
0 */5 */2 1 6 5  6月1日或6月每周五，每2小时每5分钟  =>  6月1日或每周五，每2小时每5分钟
0 */5 9,17 * * 1  每周一，在9点和17点时段内，每5分钟  =>  每周一，在9点和17点，每5分钟
0 */5 9,17 * * 1-5  周一至周五，在9点和17点时段内，每5分钟  =>  每周一至周五，在9点和17点，每5分钟
0 */5 9,17 * * 5L  本月最后一个周五，在9点和17点这两个小时内，每5分钟  =>  本月最后一个周五，在9点和17点，每5分钟
0 */5 9,17 * */3 *  1、4、7、10月，在9点和17点这两个小时内，每5分钟  =>  1、4、7、10月，在9点和17点，每5分钟
0 */5 9,17 * 6 *  6月，在9点和17点这两个小时内，每5分钟  =>  6月，在9点和17点，每5分钟
0 */5 9,17 */2 * *  每2天，在9点和17点这两个小时内，每5分钟  =>  每2天，在9点和17点，每5分钟
0 */5 9,17 1 * *  每月1日，在9点和17点这两个小时内，每5分钟  =>  每月1日，在9点和17点，每5分钟
0 */5 9,17 1 * 5  每月1日或每周五，在9点和17点这两个小时内，每5分钟  =>  每月1日或每周五，在9点和17点，每5分钟
0 */5 9,17 1 6 *  6月1日，在9点和17点这两个小时内，每5分钟  =>  6月1日，在9点和17点，每5分钟
0 */5 9,17 1 6 5  6月1日或6月每周五，在9点和17点这两个小时内，每5分钟  =>  6月1日或每周五，在9点和17点，每5分钟
0 */5 9,17 L * *  本月最后一天，在9点和17点这两个小时内，每5分钟  =>  本月最后一天，在9点和17点，每5分钟
0 */5 9-17 * * 1-5  周一至周五，在9点至17点之间，每5分钟  =>  每周一至周五，在9点至17点之间，每5分钟
0 */5 9-17 */2 * *  在9点至17点55分之间，每5分钟，月内每2天  =>  每2天，在9点至17点之间，每5分钟
0 */5 9-17 1 * *  在9点至17点55分之间，每5分钟，每月1日  =>  每月1日，在9点至17点之间，每5分钟
0 */5 9-17 1 * 5  在9点至17点55分之间，每5分钟，每月1日或每周五  =>  每月1日或每周五，在9点至17点之间，每5分钟
0 */5 9-17 1 6 *  在9点至17点55分之间，每5分钟，6月1日  =>  6月1日，在9点至17点之间，每5分钟
0 */5 9-17 1 6 5  在9点至17点55分之间，每5分钟，6月1日或6月每周五  =>  6月1日或每周五，在9点至17点之间，每5分钟
0 */5 9-17 L * *  在9点至17点55分之间，每5分钟，本月最后一天  =>  本月最后一天，在9点至17点之间，每5分钟
0 0 * */2 *  每奇数月每天凌晨0点  =>  每个奇数月每天凌晨0点
0 0 * */2 */2  每奇数月每周日、二、四、六凌晨0点  =>  每个奇数月每周日、二、四、六凌晨0点
0 0 * */2 0  每奇数月每周日凌晨0点  =>  每个奇数月每周日凌晨0点
0 0 * */2 1-5  1、3、5、7、9、11月每周一至周五凌晨0点  =>  每个奇数月每周一至周五凌晨0点
0 0 * */2 5L  1、3、5、7、9、11月本月最后一个周五凌晨0点  =>  每个奇数月最后一个周五凌晨0点
0 0 */2 * *  每2天凌晨0点  =>  每2天，凌晨0点
0 0 */2 1 */2  1月每2天或每周日、二、四、六，凌晨0点  =>  1月每2天或周日、二、四、六，凌晨0点
0 0 */2 1 6 5  每2小时，6月1日或6月每周五  =>  每2小时，6月1日或每周五
0 0 */2 1-3 */2  1月至3月每2天或每周日、二、四、六，凌晨0点  =>  1月至3月每2天或周日、二、四、六，凌晨0点
0 0 1 * */2  每月1日或每周日、二、四、六，凌晨0点  =>  每月1日或周日、二、四、六，凌晨0点
0 0 1 */2 *  每逢奇数月1日，凌晨0点  =>  每个奇数月1日凌晨0点
0 0 1 */2 */2  每逢奇数月，1日或每周日、二、四、六，凌晨0点  =>  每个奇数月1日或周日、二、四、六，凌晨0点
0 0 1 */2 0  每逢奇数月，1日或每周日，凌晨0点  =>  每个奇数月1日或每周日，凌晨0点
0 0 1 */2 1-5  每逢奇数月，1日或每周一至周五，凌晨0点  =>  每个奇数月1日或每周一至周五，凌晨0点
0 0 1 */2 5L  每逢奇数月，1日或本月最后一个周五，凌晨0点  =>  每个奇数月1日或本月最后一个周五，凌晨0点
0 0 1 1 * */2  每月1日或周日、二、四、六的1点  =>  每月1日或周日、二、四、六，1点
0 0 1 1 */2  1月1日或1月的周日、二、四、六凌晨0点  =>  1月1日或周日、二、四、六，凌晨0点
0 0 1 1 0  1月1日或1月的每周日凌晨0点  =>  1月1日或每周日，凌晨0点
0 0 1 1 1-5  1月1日或1月的周一至周五凌晨0点  =>  1月1日或每周一至周五，凌晨0点
0 0 1 1 5L  1月1日或1月的最后一个周五凌晨0点  =>  1月1日或本月最后一个周五，凌晨0点
0 0 1 1-3 *  1月至3月每月1日凌晨0点  =>  1月至3月1日凌晨0点
0 0 1 1-3 */2  1月至3月的1日或周日、二、四、六凌晨0点  =>  1月至3月1日或周日、二、四、六，凌晨0点
0 0 1 1-3 0  1月至3月的1日或每周日凌晨0点  =>  1月至3月1日或每周日，凌晨0点
0 0 1 1-3 1-5  1月至3月的1日或周一至周五凌晨0点  =>  1月至3月1日或每周一至周五，凌晨0点
0 0 1 1-3 5L  1月至3月的1日或本月最后一个周五凌晨0点  =>  1月至3月1日或本月最后一个周五，凌晨0点
0 0 1-15 * */2  每月1日至15日或周日、二、四、六凌晨0点  =>  每月1日至15日或周日、二、四、六，凌晨0点
0 0 1-15 * 1-5  每月1日至15日或周一至周五，凌晨0点  =>  每月1日至15日或每周一至周五，凌晨0点
0 0 1-15 */2 *  每个奇数月1日至15日，凌晨0点  =>  每个奇数月1日至15日凌晨0点
0 0 1-15 */2 0  每个奇数月1日至15日或周日，凌晨0点  =>  每个奇数月1日至15日或每周日，凌晨0点
0 0 1-15 */2 1-5  每个奇数月1日至15日或周一至周五，凌晨0点  =>  每个奇数月1日至15日或每周一至周五，凌晨0点
0 0 1-15 1 *  1月1日至15日，凌晨0点  =>  1月1日至15日凌晨0点
0 0 1-15 1 */2  1月1日至15日或1月周日、二、四、六，凌晨0点  =>  1月1日至15日或周日、二、四、六，凌晨0点
0 0 1-15 1 0  1月1日至15日或1月每周日，凌晨0点  =>  1月1日至15日或每周日，凌晨0点
0 0 1-15 1 1-5  1月1日至15日或1月周一至周五，凌晨0点  =>  1月1日至15日或每周一至周五，凌晨0点
0 0 1-15 1-3 *  1月至3月的1日至15日，凌晨0点  =>  1月至3月1日至15日凌晨0点
0 0 1-15 1-3 */2  在1月至3月，1日至15日或每周日、二、四、六的凌晨0点  =>  1月至3月1日至15日或周日、二、四、六，凌晨0点
0 0 1-15 1-3 0  在1月至3月，1日至15日或每周日的凌晨0点  =>  1月至3月1日至15日或每周日，凌晨0点
0 0 1-15 1-3 1-5  在1月至3月，1日至15日或每周一至周五的凌晨0点  =>  1月至3月1日至15日或每周一至周五，凌晨0点
0 0 1-15 1-3 5L  在1月至3月，1日至15日或本月最后一个周五的凌晨0点  =>  1月至3月1日至15日或本月最后一个周五，凌晨0点
0 0 9-17 1 * *  1日在9点至17点之间，每小时  =>  每月1日在9点至17点之间，每小时
0 0 9-17 1 * 5  1日或每周五在9点至17点之间，每小时  =>  每月1日或每周五在9点至17点之间，每小时
0 0 9-17 1 6 *  6月1日，在9点至17点之间，每小时  =>  6月1日在9点至17点之间，每小时
0 0 9-17 1 6 5  6月1日或6月每周五，在9点至17点之间，每小时  =>  6月1日或每周五在9点至17点之间，每小时
0 0 9-17 L * *  本月最后一天，在9点至17点之间，每小时  =>  本月最后一天在9点至17点之间，每小时
0 0 L */2 *  每个奇数月的最后一天，凌晨0点  =>  每个奇数月最后一天凌晨0点
0 0 L */2 */2  每个奇数月的最后一天或周日、二、四、六，凌晨0点  =>  每个奇数月最后一天或周日、二、四、六，凌晨0点
0 0 L */2 0  每个奇数月的最后一天或每周日，凌晨0点  =>  每个奇数月最后一天或每周日，凌晨0点
0 0 L */2 1-5  每个奇数月的最后一天或每周一至周五，凌晨0点  =>  每个奇数月最后一天或每周一至周五，凌晨0点
0 0 L */2 5L  每个奇数月的最后一天或本月最后一个周五，凌晨0点  =>  每个奇数月最后一天或本月最后一个周五，凌晨0点
0 0 L 1 *  1月的最后一天，凌晨0点  =>  1月最后一天凌晨0点
0 0 L 1 1-5  1月最后一天或周一至周五，凌晨0点  =>  1月最后一天或每周一至周五，凌晨0点
0 0 L 1-3 *  1月至3月每月最后一天，凌晨0点  =>  1月至3月最后一天凌晨0点
0 0 L 1-3 */2  1月至3月每月最后一天或周日、二、四、六，凌晨0点  =>  1月至3月最后一天或周日、二、四、六，凌晨0点
0 0 L 1-3 0  1月至3月每月最后一天或每周日，凌晨0点  =>  1月至3月最后一天或每周日，凌晨0点
0 0 L 1-3 1-5  1月至3月每月最后一天或周一至周五，凌晨0点  =>  1月至3月最后一天或每周一至周五，凌晨0点
0 0 L 1-3 5L  1月至3月每月最后一天或本月最后一个周五，凌晨0点  =>  1月至3月最后一天或本月最后一个周五，凌晨0点
30 5,10 9,17,19,21,23 * * 1  每周一，在9点、17点、19点、21点和23点，每小时5分和10分，第30秒  =>  每周一，每小时5分和10分，在9点、17点、19点、21点和23点，第30秒
30 5,10 9,17,19,21,23 * * 1-5  周一至周五，在9点、17点、19点、21点和23点，每小时5分和10分，第30秒  =>  每周一至周五，每小时5分和10分，在9点、17点、19点、21点和23点，第30秒
30 5,10 9,17,19,21,23 * * 5L  本月最后一个周五，在9点、17点、19点、21点和23点，每小时5分和10分，第30秒  =>  本月最后一个周五，每小时5分和10分，在9点、17点、19点、21点和23点，第30秒
30 5,10 9,17,19,21,23 * */3 *  1、4、7、10月，在9点、17点、19点、21点和23点，每小时5分和10分，第30秒  =>  1、4、7、10月，每小时5分和10分，在9点、17点、19点、21点和23点，第30秒
30 5,10 9,17,19,21,23 * 6 *  6月，在9点、17点、19点、21点和23点，每小时5分和10分，第30秒  =>  6月，每小时5分和10分，在9点、17点、19点、21点和23点，第30秒
30 5,10 9,17,19,21,23 */2 * *  每2天，在9点、17点、19点、21点和23点，每小时5分和10分，第30秒  =>  每2天，每小时5分和10分，在9点、17点、19点、21点和23点，第30秒
30 5,10 9,17,19,21,23 1 * *  每月1日，在9点、17点、19点、21点和23点，每小时5分和10分，第30秒  =>  每月1日，每小时5分和10分，在9点、17点、19点、21点和23点，第30秒
30 5,10 9,17,19,21,23 1 * 5  每月1日或每周五，在9点、17点、19点、21点和23点，每小时5分和10分，第30秒  =>  每月1日或每周五，每小时5分和10分，在9点、17点、19点、21点和23点，第30秒
30 5,10 9,17,19,21,23 1 6 *  6月1日，在9点、17点、19点、21点和23点，每小时5分和10分，第30秒  =>  6月1日，每小时5分和10分，在9点、17点、19点、21点和23点，第30秒
30 5,10 9,17,19,21,23 1 6 5  6月1日或6月每周五，在9点、17点、19点、21点和23点，每小时5分和10分，第30秒  =>  6月1日或每周五，每小时5分和10分，在9点、17点、19点、21点和23点，第30秒
30 5,10 9,17,19,21,23 L * *  本月最后一天，9点、17点、19点、21点和23点的5分和10分，第30秒  =>  本月最后一天，每小时5分和10分，在9点、17点、19点、21点和23点，第30秒
0 0 * */5 *  1月、6月和11月，每天凌晨0点  =>  1、6、11月每天凌晨0点
0 0 * */7 *  1月和8月，每天凌晨0点  =>  1、8月每天凌晨0点
0 0 * * */4  每周日和周四，凌晨0点  =>  每周日和周四凌晨0点
0 0 1-5,10,20-25 * *  每月1至5日、10日、20至25日凌晨0点  =>  每月1日至5日、10日、20日至25日凌晨0点
@yearly  每年1月1日凌晨0点  =>  1月1日凌晨0点
@annually  每年1月1日凌晨0点  =>  1月1日凌晨0点